<?xml version="1.0" encoding="UTF-8"?>
<!-- Generated by org.testng.reporters.JUnitXMLReporter -->
<testsuite hostname="Mahesh" ignored="0" name="myTest" tests="4" failures="0" timestamp="2020-03-22T11:31:57 IST" time="49.725" errors="0">
  <testcase name="addEmp" time="37.075" classname="myPack.Himaja"/>
  <testcase name="deleteEmp" time="0.0" classname="myPack.Himaja"/>
  <testcase name="editEmp" time="0.0" classname="myPack.Himaja"/>
  <testcase name="verifyLogin" time="12.552" classname="myPack.Himaja"/>
</testsuite> <!-- myTest -->
